Using pre-set license
Built from '2020.3/release' branch; Version is '2020.3.7f1 (dd97f2c94397) revision 14522354'; Using compiler version '192528614'; Build Type 'Release'
OS: 'Windows 10 Home; OS build 19041.928; Version 2004; 64bit' Language: 'fr' Physical Memory: 8038 MB
BatchMode: 1, IsHumanControllingUs: 0, StartBugReporterOnCrash: 0, Is64bit: 1, IsPro: 0

 COMMAND LINE ARGUMENTS:
C:\Program Files\Unity\Hub\Editor\2020.3.7f1\Editor\Unity.exe
-adb2
-batchMode
-noUpm
-name
AssetImportWorker0
-projectPath
D:/Alex/UnityProject/GoldProject/GoldProject_Team02
-logFile
Logs/AssetImportWorker0.log
-srvPort
50476
Successfully changed project path to: D:/Alex/UnityProject/GoldProject/GoldProject_Team02
D:/Alex/UnityProject/GoldProject/GoldProject_Team02
Using Asset Import Pipeline V2.
Refreshing native plugins compatible for Editor in 57.74 ms, found 1 plugins.
Preloading 0 native plugins for Editor in 0.00 ms.
Initialize engine version: 2020.3.7f1 (dd97f2c94397)
[Subsystems] Discovering subsystems at path C:/Program Files/Unity/Hub/Editor/2020.3.7f1/Editor/Data/Resources/UnitySubsystems
[Subsystems] Discovering subsystems at path D:/Alex/UnityProject/GoldProject/GoldProject_Team02/Assets
GfxDevice: creating device client; threaded=0
Direct3D:
    Version:  Direct3D 11.0 [level 11.1]
    Renderer: NVIDIA GeForce GTX 1060 (ID=0x1c20)
    Vendor:   
    VRAM:     2987 MB
    Driver:   27.21.14.6109
Initialize mono
Mono path[0] = 'C:/Program Files/Unity/Hub/Editor/2020.3.7f1/Editor/Data/Managed'
Mono path[1] = 'C:/Program Files/Unity/Hub/Editor/2020.3.7f1/Editor/Data/MonoBleedingEdge/lib/mono/unityjit'
Mono config path = 'C:/Program Files/Unity/Hub/Editor/2020.3.7f1/Editor/Data/MonoBleedingEdge/etc'
Using monoOptions --debugger-agent=transport=dt_socket,embedding=1,server=y,suspend=n,address=127.0.0.1:56508
Begin MonoManager ReloadAssembly
Registering precompiled unity dll's ...
Register platform support module: C:/Program Files/Unity/Hub/Editor/2020.3.7f1/Editor/Data/PlaybackEngines/WindowsStandaloneSupport/UnityEditor.WindowsStandalone.Extensions.dll
Registered in 0.002626 seconds.
Native extension for WindowsStandalone target not found
Refreshing native plugins compatible for Editor in 48.95 ms, found 1 plugins.
Preloading 0 native plugins for Editor in 0.00 ms.
Mono: successfully reloaded assembly
- Completed reload, in  2.479 seconds
Platform modules already initialized, skipping
Registering precompiled user dll's ...
Registered in 0.000986 seconds.
Begin MonoManager ReloadAssembly
Native extension for WindowsStandalone target not found
Refreshing native plugins compatible for Editor in 50.46 ms, found 1 plugins.
Preloading 0 native plugins for Editor in 0.00 ms.
Mono: successfully reloaded assembly
- Completed reload, in  1.283 seconds
Platform modules already initialized, skipping
========================================================================
Worker process is ready to serve import requests
Launched and connected shader compiler UnityShaderCompiler.exe after 0.09 seconds
Refreshing native plugins compatible for Editor in 0.56 ms, found 1 plugins.
Preloading 0 native plugins for Editor in 0.00 ms.
Unloading 1808 Unused Serialized files (Serialized files now loaded: 0)
System memory in use before: 84.8 MB.
System memory in use after: 84.8 MB.

Unloading 24 unused Assets to reduce memory usage. Loaded Objects now: 2250.
Total: 2.294400 ms (FindLiveObjects: 0.261800 ms CreateObjectMapping: 0.074400 ms MarkObjects: 1.825100 ms  DeleteObjects: 0.132200 ms)

========================================================================
Received Import Request.
  path: Assets
  artifactKey: Guid(00000000000000001000000000000000) Importer(815301076,1909f56bfc062723c751e8b465ee728b)
Start importing Assets using Guid(00000000000000001000000000000000) Importer(815301076,1909f56bfc062723c751e8b465ee728b)  -> (artifact id: '7b4597153a55d04932f05f63b69e355b') in 0.018900 seconds
  Import took 0.023692 seconds .

========================================================================
Received Import Request.
  Time since last request: 0.000695 seconds.
  path: Assets/Scenes
  artifactKey: Guid(2505d1270d641114e8422068c487bf2d) Importer(815301076,1909f56bfc062723c751e8b465ee728b)
Start importing Assets/Scenes using Guid(2505d1270d641114e8422068c487bf2d) Importer(815301076,1909f56bfc062723c751e8b465ee728b)  -> (artifact id: '0d2f6fb48f82669c07da14b32562da89') in 0.011074 seconds
  Import took 0.017263 seconds .

========================================================================
Received Import Request.
  Time since last request: 3.747179 seconds.
  path: Assets/Alex
  artifactKey: Guid(b21844e617302b342b34073586f783ef) Importer(815301076,1909f56bfc062723c751e8b465ee728b)
Start importing Assets/Alex using Guid(b21844e617302b342b34073586f783ef) Importer(815301076,1909f56bfc062723c751e8b465ee728b)  -> (artifact id: '769a1e99c3cf7658b7fe70ecddddfbb1') in 0.012771 seconds
  Import took 0.016552 seconds .

========================================================================
Received Import Request.
  Time since last request: 5.847716 seconds.
  path: Assets/Art
  artifactKey: Guid(f2e9358c4108b1146b09821250c2827d) Importer(815301076,1909f56bfc062723c751e8b465ee728b)
Start importing Assets/Art using Guid(f2e9358c4108b1146b09821250c2827d) Importer(815301076,1909f56bfc062723c751e8b465ee728b)  -> (artifact id: 'bbf8e353792956e24d595894fd722a34') in 0.020721 seconds
  Import took 0.027605 seconds .

========================================================================
Received Import Request.
  Time since last request: 9.474267 seconds.
  path: Assets/Félix
  artifactKey: Guid(97f319cedc75c3f48bdd9b806c2981bd) Importer(815301076,1909f56bfc062723c751e8b465ee728b)
Start importing Assets/Félix using Guid(97f319cedc75c3f48bdd9b806c2981bd) Importer(815301076,1909f56bfc062723c751e8b465ee728b)  -> (artifact id: 'e9db594e718879a86994a055a8cf4570') in 0.013999 seconds
  Import took 0.018591 seconds .

========================================================================
Received Import Request.
  Time since last request: 5.163059 seconds.
  path: Assets/Charlélie
  artifactKey: Guid(9a615f9462a07fc4ba9490318619407b) Importer(815301076,1909f56bfc062723c751e8b465ee728b)
Start importing Assets/Charlélie using Guid(9a615f9462a07fc4ba9490318619407b) Importer(815301076,1909f56bfc062723c751e8b465ee728b)  -> (artifact id: 'a823c2e5d484297c2cfbfdbc1740f7bc') in 0.016093 seconds
  Import took 0.020411 seconds .

AssetImportWorkerClient::OnTransportError - code=2 error=End of file
